../../src/ieee2008/numeric_std-body.vhdl:3036:7:@0ms:(assertion warning): NUMERIC_STD.TO_INTEGER: metavalue detected, returning 0
../../src/ieee2008/numeric_std-body.vhdl:3036:7:@0ms:(assertion warning): NUMERIC_STD.TO_INTEGER: metavalue detected, returning 0
../../src/ieee2008/numeric_std-body.vhdl:3036:7:@0ms:(assertion warning): NUMERIC_STD.TO_INTEGER: metavalue detected, returning 0
../../src/ieee2008/numeric_std-body.vhdl:1873:7:@0ms:(assertion warning): NUMERIC_STD."=": metavalue detected, returning FALSE
../../src/ieee2008/numeric_std-body.vhdl:3036:7:@0ms:(assertion warning): NUMERIC_STD.TO_INTEGER: metavalue detected, returning 0
../../src/ieee2008/numeric_std-body.vhdl:3036:7:@0ms:(assertion warning): NUMERIC_STD.TO_INTEGER: metavalue detected, returning 0
../../src/ieee2008/numeric_std-body.vhdl:3036:7:@0ms:(assertion warning): NUMERIC_STD.TO_INTEGER: metavalue detected, returning 0
../../src/ieee2008/numeric_std-body.vhdl:3036:7:@0ms:(assertion warning): NUMERIC_STD.TO_INTEGER: metavalue detected, returning 0
../../src/ieee2008/numeric_std-body.vhdl:1873:7:@0ms:(assertion warning): NUMERIC_STD."=": metavalue detected, returning FALSE
../../src/ieee2008/numeric_std-body.vhdl:3036:7:@0ms:(assertion warning): NUMERIC_STD.TO_INTEGER: metavalue detected, returning 0
../../src/ieee2008/numeric_std-body.vhdl:3036:7:@50ns:(assertion warning): NUMERIC_STD.TO_INTEGER: metavalue detected, returning 0
../../src/ieee2008/numeric_std-body.vhdl:3036:7:@50ns:(assertion warning): NUMERIC_STD.TO_INTEGER: metavalue detected, returning 0
../../src/ieee2008/numeric_std-body.vhdl:3036:7:@50ns:(assertion warning): NUMERIC_STD.TO_INTEGER: metavalue detected, returning 0
../../src/ieee2008/numeric_std-body.vhdl:3036:7:@50ns:(assertion warning): NUMERIC_STD.TO_INTEGER: metavalue detected, returning 0
../../src/ieee2008/numeric_std-body.vhdl:3036:7:@100ns:(assertion warning): NUMERIC_STD.TO_INTEGER: metavalue detected, returning 0
../../src/ieee2008/numeric_std-body.vhdl:3036:7:@100ns:(assertion warning): NUMERIC_STD.TO_INTEGER: metavalue detected, returning 0
../../src/ieee2008/numeric_std-body.vhdl:3036:7:@150ns:(assertion warning): NUMERIC_STD.TO_INTEGER: metavalue detected, returning 0
../../src/ieee2008/numeric_std-body.vhdl:3036:7:@150ns:(assertion warning): NUMERIC_STD.TO_INTEGER: metavalue detected, returning 0
../../src/ieee2008/numeric_std-body.vhdl:3036:7:@200ns:(assertion warning): NUMERIC_STD.TO_INTEGER: metavalue detected, returning 0
../../src/ieee2008/numeric_std-body.vhdl:3036:7:@200ns:(assertion warning): NUMERIC_STD.TO_INTEGER: metavalue detected, returning 0
../../src/ieee2008/numeric_std-body.vhdl:3036:7:@250ns:(assertion warning): NUMERIC_STD.TO_INTEGER: metavalue detected, returning 0
../../src/ieee2008/numeric_std-body.vhdl:3036:7:@250ns:(assertion warning): NUMERIC_STD.TO_INTEGER: metavalue detected, returning 0
../../src/ieee2008/numeric_std-body.vhdl:3036:7:@300ns:(assertion warning): NUMERIC_STD.TO_INTEGER: metavalue detected, returning 0
../../src/ieee2008/numeric_std-body.vhdl:3036:7:@300ns:(assertion warning): NUMERIC_STD.TO_INTEGER: metavalue detected, returning 0
../../src/ieee2008/numeric_std-body.vhdl:3036:7:@350ns:(assertion warning): NUMERIC_STD.TO_INTEGER: metavalue detected, returning 0
../../src/ieee2008/numeric_std-body.vhdl:3036:7:@350ns:(assertion warning): NUMERIC_STD.TO_INTEGER: metavalue detected, returning 0
../../src/ieee2008/numeric_std-body.vhdl:3036:7:@400ns:(assertion warning): NUMERIC_STD.TO_INTEGER: metavalue detected, returning 0
../../src/ieee2008/numeric_std-body.vhdl:3036:7:@400ns:(assertion warning): NUMERIC_STD.TO_INTEGER: metavalue detected, returning 0
../../src/ieee2008/numeric_std-body.vhdl:3036:7:@450ns:(assertion warning): NUMERIC_STD.TO_INTEGER: metavalue detected, returning 0
../../src/ieee2008/numeric_std-body.vhdl:3036:7:@450ns:(assertion warning): NUMERIC_STD.TO_INTEGER: metavalue detected, returning 0
../../src/ieee2008/numeric_std-body.vhdl:3036:7:@500ns:(assertion warning): NUMERIC_STD.TO_INTEGER: metavalue detected, returning 0
../../src/ieee2008/numeric_std-body.vhdl:3036:7:@500ns:(assertion warning): NUMERIC_STD.TO_INTEGER: metavalue detected, returning 0
../../src/ieee2008/numeric_std-body.vhdl:3036:7:@550ns:(assertion warning): NUMERIC_STD.TO_INTEGER: metavalue detected, returning 0
../../src/ieee2008/numeric_std-body.vhdl:3036:7:@550ns:(assertion warning): NUMERIC_STD.TO_INTEGER: metavalue detected, returning 0
C:/Users/Emanuel/Documents/GitHub/Proyecto_Final_E2/src/top_archivo_c_tb.vhd:54:5:@200050ns:(report note): Test completado exitosamente.
simulation finished @200050ns
